{
  "stats": {
    "suites": 9,
    "tests": 20,
    "passes": 20,
    "pending": 0,
    "failures": 0,
    "start": "2019-07-31T05:36:10.013Z",
    "end": "2019-07-31T05:36:10.699Z",
    "duration": 686,
    "testsRegistered": 20,
    "passPercent": 100,
    "pendingPercent": 0,
    "other": 0,
    "hasOther": false,
    "skipped": 0,
    "hasSkipped": false,
    "passPercentClass": "success",
    "pendingPercentClass": "danger"
  },
  "suites": {
    "uuid": "8f24bc66-dfa3-4b7c-98ff-83ba9f160724",
    "title": "",
    "fullFile": "",
    "file": "",
    "beforeHooks": [],
    "afterHooks": [],
    "tests": [],
    "suites": [
      {
        "uuid": "b81cd74e-2103-4fd9-a89e-1238e63a9902",
        "title": "> controllers",
        "fullFile": "/home/travis/build/ccxt-rest/ccxt-rest/test/api/controllers/exchange.js",
        "file": "/test/api/controllers/exchange.js",
        "beforeHooks": [
          {
            "title": "\"before all\" hook",
            "fullTitle": "> controllers \"before all\" hook",
            "timedOut": false,
            "duration": 341,
            "pass": false,
            "fail": false,
            "pending": false,
            "code": "if (fs.existsSync('./out/database.sqlite3')) {\n  fs.unlinkSync('./out/database.sqlite3')\n}\nreturn new Promise((resolve) => {\n  ccxtServer.start(_server => {\n    server = _server\n    resolve();\n  })  \n})",
            "err": {},
            "isRoot": false,
            "uuid": "191c503e-adf0-4d93-8fe1-7a0b7ed17404",
            "isHook": true,
            "skipped": false
          }
        ],
        "afterHooks": [
          {
            "title": "\"after all\" hook",
            "fullTitle": "> controllers \"after all\" hook",
            "timedOut": false,
            "duration": 1,
            "pass": false,
            "fail": false,
            "pending": false,
            "code": "if (server) {\n  server.close()\n}\nif (fs.existsSync('./out/database.sqlite3')) {\n  fs.unlinkSync('./out/database.sqlite3')\n}",
            "err": {},
            "isRoot": false,
            "uuid": "bd1303e6-09c6-45c6-82d4-f5082bdf7d75",
            "isHook": true,
            "skipped": false
          }
        ],
        "tests": [],
        "suites": [
          {
            "uuid": "330276a4-bb9e-4824-913c-495ca990ca27",
            "title": "> exchanges",
            "fullFile": "/home/travis/build/ccxt-rest/ccxt-rest/test/api/controllers/exchange.js",
            "file": "/test/api/controllers/exchange.js",
            "beforeHooks": [],
            "afterHooks": [],
            "tests": [],
            "suites": [
              {
                "uuid": "bcc3ce4b-676b-4c34-aea5-d9384cbc1542",
                "title": "> GET /exchanges",
                "fullFile": "/home/travis/build/ccxt-rest/ccxt-rest/test/api/controllers/exchange.js",
                "file": "/test/api/controllers/exchange.js",
                "beforeHooks": [],
                "afterHooks": [],
                "tests": [
                  {
                    "title": "> should return list of exchanges",
                    "fullTitle": "> controllers > exchanges > GET /exchanges > should return list of exchanges",
                    "timedOut": false,
                    "duration": 32,
                    "state": "passed",
                    "speed": "fast",
                    "pass": true,
                    "fail": false,
                    "pending": false,
                    "code": "request(server)\n          .get('/exchanges')\n          .expect('Content-Type', /json/)\n          .expect(200)\n          .end(function(err, res) {\n            should.not.exist(err);\n            res.body.should.eql(exchangeConfig.exchanges.map(i => '' + i));\n            done();\n          });",
                    "err": {},
                    "isRoot": false,
                    "uuid": "519c2d38-78af-4c93-9e32-40665363837e",
                    "isHook": false,
                    "skipped": false
                  }
                ],
                "suites": [],
                "passes": [
                  "519c2d38-78af-4c93-9e32-40665363837e"
                ],
                "failures": [],
                "pending": [],
                "skipped": [],
                "duration": 32,
                "root": false,
                "rootEmpty": false,
                "_timeout": 2000
              }
            ],
            "passes": [],
            "failures": [],
            "pending": [],
            "skipped": [],
            "duration": 0,
            "root": false,
            "rootEmpty": false,
            "_timeout": 2000
          },
          {
            "uuid": "8ced23c9-3ed1-4730-911a-594cedcdc6fd",
            "title": "> exchange",
            "fullFile": "/home/travis/build/ccxt-rest/ccxt-rest/test/api/controllers/exchange.js",
            "file": "/test/api/controllers/exchange.js",
            "beforeHooks": [],
            "afterHooks": [],
            "tests": [],
            "suites": [
              {
                "uuid": "20e6017b-3598-40a2-9b9f-222af8e9a1d4",
                "title": "> Given unsupported exchange name",
                "fullFile": "/home/travis/build/ccxt-rest/ccxt-rest/test/api/controllers/exchange.js",
                "file": "/test/api/controllers/exchange.js",
                "beforeHooks": [],
                "afterHooks": [],
                "tests": [],
                "suites": [
                  {
                    "uuid": "8afa5e3b-f050-4599-be40-0e3cafae5830",
                    "title": "> [Unsupported Exchange name] Exchange Management API",
                    "fullFile": "/home/travis/build/ccxt-rest/ccxt-rest/test/api/controllers/exchange.js",
                    "file": "/test/api/controllers/exchange.js",
                    "beforeHooks": [],
                    "afterHooks": [],
                    "tests": [
                      {
                        "title": "> GET:/exchange/nonExistentExchangeName then return 404",
                        "fullTitle": "> controllers > exchange > Given unsupported exchange name > [Unsupported Exchange name] Exchange Management API > GET:/exchange/nonExistentExchangeName then return 404",
                        "timedOut": false,
                        "duration": 15,
                        "state": "passed",
                        "speed": "fast",
                        "pass": true,
                        "fail": false,
                        "pending": false,
                        "code": "request(server)\n  .get('/exchange/nonExistentExchangeName')\n  .expect(404)\n  .end((err, res) => {\n    should.not.exist(err);\n    done();\n  })",
                        "err": {},
                        "isRoot": false,
                        "uuid": "4aff8850-41b4-46ee-b050-d456536f7b56",
                        "isHook": false,
                        "skipped": false
                      },
                      {
                        "title": "> POST:/exchange/nonExistentExchangeName then return 404",
                        "fullTitle": "> controllers > exchange > Given unsupported exchange name > [Unsupported Exchange name] Exchange Management API > POST:/exchange/nonExistentExchangeName then return 404",
                        "timedOut": false,
                        "duration": 28,
                        "state": "passed",
                        "speed": "fast",
                        "pass": true,
                        "fail": false,
                        "pending": false,
                        "code": "request(server)\n  .post('/exchange/nonExistentExchangeName')\n  .send({id:'nonExistentExchangeName1'})\n  .set('Accept', 'application/json')\n  .expect(404)\n  .end((err, res) => {\n    should.not.exist(err);\n    done();\n  })",
                        "err": {},
                        "isRoot": false,
                        "uuid": "8943de3f-3d7e-4ade-9ed1-8ff788949d7d",
                        "isHook": false,
                        "skipped": false
                      }
                    ],
                    "suites": [],
                    "passes": [
                      "4aff8850-41b4-46ee-b050-d456536f7b56",
                      "8943de3f-3d7e-4ade-9ed1-8ff788949d7d"
                    ],
                    "failures": [],
                    "pending": [],
                    "skipped": [],
                    "duration": 43,
                    "root": false,
                    "rootEmpty": false,
                    "_timeout": 2000
                  },
                  {
                    "uuid": "e8861d85-fd8f-4456-9ce2-1b1bc4133ffc",
                    "title": "> [Unsupported Exchange Name] Public Data API",
                    "fullFile": "/home/travis/build/ccxt-rest/ccxt-rest/test/api/controllers/exchange.js",
                    "file": "/test/api/controllers/exchange.js",
                    "beforeHooks": [],
                    "afterHooks": [],
                    "tests": [
                      {
                        "title": "> GET:/exchange/nonExistentExchangeName/markets then return 404",
                        "fullTitle": "> controllers > exchange > Given unsupported exchange name > [Unsupported Exchange Name] Public Data API > GET:/exchange/nonExistentExchangeName/markets then return 404",
                        "timedOut": false,
                        "duration": 8,
                        "state": "passed",
                        "speed": "fast",
                        "pass": true,
                        "fail": false,
                        "pending": false,
                        "code": "request(server)\n              .get('/exchange/nonExistentExchangeName/markets')\n              .expect('Content-Type', /json/)\n              .expect(404)\n              .end((err, res) => {\n                should.not.exist(err);\n                done();\n              })",
                        "err": {},
                        "isRoot": false,
                        "uuid": "b56a55b3-4678-4e26-b122-05cb79b158eb",
                        "isHook": false,
                        "skipped": false
                      },
                      {
                        "title": "> GET:/exchange/nonExistentExchangeName/orderBook then return 404",
                        "fullTitle": "> controllers > exchange > Given unsupported exchange name > [Unsupported Exchange Name] Public Data API > GET:/exchange/nonExistentExchangeName/orderBook then return 404",
                        "timedOut": false,
                        "duration": 12,
                        "state": "passed",
                        "speed": "fast",
                        "pass": true,
                        "fail": false,
                        "pending": false,
                        "code": "this.timeout(TIMEOUT_MS);\nrequest(server)\n    .get('/exchange/nonExistentExchangeName/orderBook')\n    .query({ symbol: 'BTC/ETH' })\n    .set('Accept', 'application/json')\n    .expect('Content-Type', /json/)\n    .expect(404)\n    .end((err, res) => {\n      should.not.exist(err);\n      done();\n    })",
                        "err": {},
                        "isRoot": false,
                        "uuid": "f06be37c-01ce-47a6-bb4f-7e3d5143dc2c",
                        "isHook": false,
                        "skipped": false
                      },
                      {
                        "title": "> GET:/exchange/nonExistentExchangeName/l2OrderBook then return 404",
                        "fullTitle": "> controllers > exchange > Given unsupported exchange name > [Unsupported Exchange Name] Public Data API > GET:/exchange/nonExistentExchangeName/l2OrderBook then return 404",
                        "timedOut": false,
                        "duration": 8,
                        "state": "passed",
                        "speed": "fast",
                        "pass": true,
                        "fail": false,
                        "pending": false,
                        "code": "this.timeout(TIMEOUT_MS);\nrequest(server)\n    .get('/exchange/nonExistentExchangeName/l2OrderBook')\n    .query({ symbol: 'BTC/ETH' })\n    .expect('Content-Type', /json/)\n    .expect(404)\n    .end((err, res) => {\n      should.not.exist(err);\n      done();\n    })",
                        "err": {},
                        "isRoot": false,
                        "uuid": "bb4b7574-a25b-418f-87e9-dc0392122def",
                        "isHook": false,
                        "skipped": false
                      },
                      {
                        "title": "> GET:/exchange/nonExistentExchangeName/trades then return 404",
                        "fullTitle": "> controllers > exchange > Given unsupported exchange name > [Unsupported Exchange Name] Public Data API > GET:/exchange/nonExistentExchangeName/trades then return 404",
                        "timedOut": false,
                        "duration": 8,
                        "state": "passed",
                        "speed": "fast",
                        "pass": true,
                        "fail": false,
                        "pending": false,
                        "code": "this.timeout(TIMEOUT_MS)\nrequest(server)\n    .get('/exchange/nonExistentExchangeName/trades')\n    .query({ symbol: 'BTC/ETH' })\n    .expect('Content-Type', /json/)\n    .expect(404)\n    .end((err, res) => {\n      should.not.exist(err);\n      done();\n    })",
                        "err": {},
                        "isRoot": false,
                        "uuid": "b5b6061f-5d4c-401e-86fb-e22bd60c5ad5",
                        "isHook": false,
                        "skipped": false
                      },
                      {
                        "title": "> GET:/exchange/nonExistentExchangeName/ticker then return 404",
                        "fullTitle": "> controllers > exchange > Given unsupported exchange name > [Unsupported Exchange Name] Public Data API > GET:/exchange/nonExistentExchangeName/ticker then return 404",
                        "timedOut": false,
                        "duration": 7,
                        "state": "passed",
                        "speed": "fast",
                        "pass": true,
                        "fail": false,
                        "pending": false,
                        "code": "this.timeout(TIMEOUT_MS)\nrequest(server)\n    .get('/exchange/nonExistentExchangeName/ticker')\n    .query({ symbol: 'BTC/ETH' })\n    .expect('Content-Type', /json/)\n    .expect(404)\n    .end((err, res) => {\n      should.not.exist(err);\n      done();\n    })",
                        "err": {},
                        "isRoot": false,
                        "uuid": "3c73324b-7f0a-43d6-b6ea-cba44fe55b69",
                        "isHook": false,
                        "skipped": false
                      },
                      {
                        "title": "> GET:/exchange/nonExistentExchangeName/tickers then return 404",
                        "fullTitle": "> controllers > exchange > Given unsupported exchange name > [Unsupported Exchange Name] Public Data API > GET:/exchange/nonExistentExchangeName/tickers then return 404",
                        "timedOut": false,
                        "duration": 7,
                        "state": "passed",
                        "speed": "fast",
                        "pass": true,
                        "fail": false,
                        "pending": false,
                        "code": "this.timeout(TIMEOUT_MS)\nrequest(server)\n    .get('/exchange/nonExistentExchangeName/tickers')\n    .expect('Content-Type', /json/)\n    .expect(404)\n    .end((err, res) => {\n      should.not.exist(err);\n      done();\n    })",
                        "err": {},
                        "isRoot": false,
                        "uuid": "4dac6dc7-5086-48e8-b6fb-71872f052ab7",
                        "isHook": false,
                        "skipped": false
                      },
                      {
                        "title": "> POST:/exchange/nonExistentExchangeName/_/loadMarkets then return 404",
                        "fullTitle": "> controllers > exchange > Given unsupported exchange name > [Unsupported Exchange Name] Public Data API > POST:/exchange/nonExistentExchangeName/_/loadMarkets then return 404",
                        "timedOut": false,
                        "duration": 10,
                        "state": "passed",
                        "speed": "fast",
                        "pass": true,
                        "fail": false,
                        "pending": false,
                        "code": "this.timeout(TIMEOUT_MS)\nrequest(server)\n    .post('/exchange/nonExistentExchangeName/_/loadMarkets')\n    .type('text')\n    .send(JSON.stringify([true]))\n    .set('Accept', 'application/json')\n    .expect(404)\n    .end((err, res) => {\n      should.not.exist(err);\n      done();\n    })",
                        "err": {},
                        "isRoot": false,
                        "uuid": "b695a975-4027-4fbc-81ab-45eab23b869c",
                        "isHook": false,
                        "skipped": false
                      }
                    ],
                    "suites": [],
                    "passes": [
                      "b56a55b3-4678-4e26-b122-05cb79b158eb",
                      "f06be37c-01ce-47a6-bb4f-7e3d5143dc2c",
                      "bb4b7574-a25b-418f-87e9-dc0392122def",
                      "b5b6061f-5d4c-401e-86fb-e22bd60c5ad5",
                      "3c73324b-7f0a-43d6-b6ea-cba44fe55b69",
                      "4dac6dc7-5086-48e8-b6fb-71872f052ab7",
                      "b695a975-4027-4fbc-81ab-45eab23b869c"
                    ],
                    "failures": [],
                    "pending": [],
                    "skipped": [],
                    "duration": 60,
                    "root": false,
                    "rootEmpty": false,
                    "_timeout": 2000
                  },
                  {
                    "uuid": "8a9ae434-e08c-438e-a5ac-753caaf23430",
                    "title": "> [Unsupported Exchange Name] Private Data APIs",
                    "fullFile": "/home/travis/build/ccxt-rest/ccxt-rest/test/api/controllers/exchange.js",
                    "file": "/test/api/controllers/exchange.js",
                    "beforeHooks": [],
                    "afterHooks": [],
                    "tests": [
                      {
                        "title": "> GET:/exchange/nonExistentExchangeName/balances then return 404",
                        "fullTitle": "> controllers > exchange > Given unsupported exchange name > [Unsupported Exchange Name] Private Data APIs > GET:/exchange/nonExistentExchangeName/balances then return 404",
                        "timedOut": false,
                        "duration": 7,
                        "state": "passed",
                        "speed": "fast",
                        "pass": true,
                        "fail": false,
                        "pending": false,
                        "code": "this.timeout(TIMEOUT_MS)\nrequest(server)\n    .get('/exchange/nonExistentExchangeName/balances')\n    .expect('Content-Type', /json/)\n    .expect(404)\n    .end((err, res) => {\n      should.not.exist(err);\n      done();\n    })",
                        "err": {},
                        "isRoot": false,
                        "uuid": "7244e102-7eea-4796-a60b-5c63bb660291",
                        "isHook": false,
                        "skipped": false
                      },
                      {
                        "title": "> [Unsupported Exchange Name] Place order then return 404",
                        "fullTitle": "> controllers > exchange > Given unsupported exchange name > [Unsupported Exchange Name] Private Data APIs > [Unsupported Exchange Name] Place order then return 404",
                        "timedOut": false,
                        "duration": 17,
                        "state": "passed",
                        "speed": "fast",
                        "pass": true,
                        "fail": false,
                        "pending": false,
                        "code": "request(server)\n  .post('/exchange/nonExistentExchangeName/order')\n  .send({ symbol: 'BTC/ETH', type: 'limit', side: 'buy', amount:0, price:0 })\n  .set('Accept', 'application/json')\n  .expect('Content-Type', /json/)\n  .expect(404)\n  .end((err, res) => {\n    should.not.exist(err);\n    done();\n  })",
                        "err": {},
                        "isRoot": false,
                        "uuid": "998b6b38-bc9a-4953-b3d9-6fa23fcf4071",
                        "isHook": false,
                        "skipped": false
                      },
                      {
                        "title": "> [Unsupported Exchange Name] Cancel order then return 404",
                        "fullTitle": "> controllers > exchange > Given unsupported exchange name > [Unsupported Exchange Name] Private Data APIs > [Unsupported Exchange Name] Cancel order then return 404",
                        "timedOut": false,
                        "duration": 14,
                        "state": "passed",
                        "speed": "fast",
                        "pass": true,
                        "fail": false,
                        "pending": false,
                        "code": "request(server)\n  .delete('/exchange/nonExistentExchangeName/order/dummy')\n  .query({symbol : 'BTC/ETH'})\n  .expect('Content-Type', /json/)\n  .expect(404)\n  .end((err, res) => {\n    should.not.exist(err);\n    done();\n  })",
                        "err": {},
                        "isRoot": false,
                        "uuid": "1b803760-457a-457a-84e8-8f7800ef5b59",
                        "isHook": false,
                        "skipped": false
                      },
                      {
                        "title": "> [Unsupported Exchange Name] Get order then return 404",
                        "fullTitle": "> controllers > exchange > Given unsupported exchange name > [Unsupported Exchange Name] Private Data APIs > [Unsupported Exchange Name] Get order then return 404",
                        "timedOut": false,
                        "duration": 19,
                        "state": "passed",
                        "speed": "fast",
                        "pass": true,
                        "fail": false,
                        "pending": false,
                        "code": "this.timeout(TIMEOUT_MS)\nrequest(server)\n  .get('/exchange/nonExistentExchangeName/order/dummy')\n  .query({symbol : 'BTC/ETH'})\n  .expect('Content-Type', /json/)\n  .expect(404)\n  .end((err, res) => {\n    should.not.exist(err);\n    done();\n  })",
                        "err": {},
                        "isRoot": false,
                        "uuid": "afdcf620-1abe-4260-a758-292ca7999d33",
                        "isHook": false,
                        "skipped": false
                      },
                      {
                        "title": "> [Unsupported Exchange Name] Get orders then return 404",
                        "fullTitle": "> controllers > exchange > Given unsupported exchange name > [Unsupported Exchange Name] Private Data APIs > [Unsupported Exchange Name] Get orders then return 404",
                        "timedOut": false,
                        "duration": 20,
                        "state": "passed",
                        "speed": "fast",
                        "pass": true,
                        "fail": false,
                        "pending": false,
                        "code": "this.timeout(TIMEOUT_MS)\nrequest(server)\n  .get('/exchange/nonExistentExchangeName/orders')\n  .query({symbol : 'BTC/ETH'})\n  .expect('Content-Type', /json/)\n  .expect(404)\n  .end((err, res) => {\n    should.not.exist(err);\n    done();\n  })",
                        "err": {},
                        "isRoot": false,
                        "uuid": "aab87264-7ff0-41cf-8369-9daeb89a6dec",
                        "isHook": false,
                        "skipped": false
                      },
                      {
                        "title": "> [Unsupported Exchange Name] Get open orders then return 404",
                        "fullTitle": "> controllers > exchange > Given unsupported exchange name > [Unsupported Exchange Name] Private Data APIs > [Unsupported Exchange Name] Get open orders then return 404",
                        "timedOut": false,
                        "duration": 19,
                        "state": "passed",
                        "speed": "fast",
                        "pass": true,
                        "fail": false,
                        "pending": false,
                        "code": "this.timeout(TIMEOUT_MS)\nrequest(server)\n  .get('/exchange/nonExistentExchangeName/orders/open')\n  .query({symbol : 'BTC/ETH'})\n  .expect('Content-Type', /json/)\n  .expect(404)\n  .end((err, res) => {\n    should.not.exist(err);\n    done();\n  })",
                        "err": {},
                        "isRoot": false,
                        "uuid": "f87705c0-3e2e-4c59-b856-653549aaf2dc",
                        "isHook": false,
                        "skipped": false
                      },
                      {
                        "title": "> [Unsupported Exchange Name] Get closed orders then return 404",
                        "fullTitle": "> controllers > exchange > Given unsupported exchange name > [Unsupported Exchange Name] Private Data APIs > [Unsupported Exchange Name] Get closed orders then return 404",
                        "timedOut": false,
                        "duration": 16,
                        "state": "passed",
                        "speed": "fast",
                        "pass": true,
                        "fail": false,
                        "pending": false,
                        "code": "this.timeout(TIMEOUT_MS)\nrequest(server)\n  .get('/exchange/nonExistentExchangeName/orders/closed')\n  .query({symbol : 'BTC/ETH'})\n  .expect('Content-Type', /json/)\n  .expect(404)\n  .end((err, res) => {\n    should.not.exist(err);\n    done();\n  })",
                        "err": {},
                        "isRoot": false,
                        "uuid": "a32bbb44-ef6d-4709-b60d-76edd1554081",
                        "isHook": false,
                        "skipped": false
                      },
                      {
                        "title": "> [Unsupported Exchange Name] Get my trades then return 404",
                        "fullTitle": "> controllers > exchange > Given unsupported exchange name > [Unsupported Exchange Name] Private Data APIs > [Unsupported Exchange Name] Get my trades then return 404",
                        "timedOut": false,
                        "duration": 19,
                        "state": "passed",
                        "speed": "fast",
                        "pass": true,
                        "fail": false,
                        "pending": false,
                        "code": "this.timeout(TIMEOUT_MS)\nrequest(server)\n  .get('/exchange/nonExistentExchangeName/trades/mine')\n  .query({symbol : 'BTC/ETH'})\n  .expect('Content-Type', /json/)\n  .expect(404)\n  .end((err, res) => {\n    should.not.exist(err);\n    done();\n  })",
                        "err": {},
                        "isRoot": false,
                        "uuid": "0d10673e-efa8-4622-93fd-129e8bad9bee",
                        "isHook": false,
                        "skipped": false
                      }
                    ],
                    "suites": [],
                    "passes": [
                      "7244e102-7eea-4796-a60b-5c63bb660291",
                      "998b6b38-bc9a-4953-b3d9-6fa23fcf4071",
                      "1b803760-457a-457a-84e8-8f7800ef5b59",
                      "afdcf620-1abe-4260-a758-292ca7999d33",
                      "aab87264-7ff0-41cf-8369-9daeb89a6dec",
                      "f87705c0-3e2e-4c59-b856-653549aaf2dc",
                      "a32bbb44-ef6d-4709-b60d-76edd1554081",
                      "0d10673e-efa8-4622-93fd-129e8bad9bee"
                    ],
                    "failures": [],
                    "pending": [],
                    "skipped": [],
                    "duration": 131,
                    "root": false,
                    "rootEmpty": false,
                    "_timeout": 2000
                  }
                ],
                "passes": [],
                "failures": [],
                "pending": [],
                "skipped": [],
                "duration": 0,
                "root": false,
                "rootEmpty": false,
                "_timeout": 2000
              },
              {
                "uuid": "4c0d37bc-4410-4d90-ad52-b8f55b412fcd",
                "title": "> Given broken exchanges",
                "fullFile": "/home/travis/build/ccxt-rest/ccxt-rest/test/api/controllers/exchange.js",
                "file": "/test/api/controllers/exchange.js",
                "beforeHooks": [],
                "afterHooks": [],
                "tests": [
                  {
                    "title": "> [allcoin] When trying to instantiate, then 503",
                    "fullTitle": "> controllers > exchange > Given broken exchanges > [allcoin] When trying to instantiate, then 503",
                    "timedOut": false,
                    "duration": 16,
                    "state": "passed",
                    "speed": "fast",
                    "pass": true,
                    "fail": false,
                    "pending": false,
                    "code": "request(server)\n  .post('/exchange/' + exchangeName)\n  .send({id:exchangeName})\n  .set('Accept', 'application/json')\n  .expect(503, done);",
                    "err": {},
                    "isRoot": false,
                    "uuid": "a029cdae-11a1-450d-a04d-5cc5e6e57755",
                    "isHook": false,
                    "skipped": false
                  },
                  {
                    "title": "> [quadrigacx] When trying to instantiate, then 503",
                    "fullTitle": "> controllers > exchange > Given broken exchanges > [quadrigacx] When trying to instantiate, then 503",
                    "timedOut": false,
                    "duration": 24,
                    "state": "passed",
                    "speed": "fast",
                    "pass": true,
                    "fail": false,
                    "pending": false,
                    "code": "request(server)\n  .post('/exchange/' + exchangeName)\n  .send({id:exchangeName})\n  .set('Accept', 'application/json')\n  .expect(503, done);",
                    "err": {},
                    "isRoot": false,
                    "uuid": "69e7543b-36c3-4139-8c8c-5d59eb448790",
                    "isHook": false,
                    "skipped": false
                  }
                ],
                "suites": [],
                "passes": [
                  "a029cdae-11a1-450d-a04d-5cc5e6e57755",
                  "69e7543b-36c3-4139-8c8c-5d59eb448790"
                ],
                "failures": [],
                "pending": [],
                "skipped": [],
                "duration": 40,
                "root": false,
                "rootEmpty": false,
                "_timeout": 2000
              }
            ],
            "passes": [],
            "failures": [],
            "pending": [],
            "skipped": [],
            "duration": 0,
            "root": false,
            "rootEmpty": false,
            "_timeout": 2000
          }
        ],
        "passes": [],
        "failures": [],
        "pending": [],
        "skipped": [],
        "duration": 0,
        "root": false,
        "rootEmpty": false,
        "_timeout": 2000
      }
    ],
    "passes": [],
    "failures": [],
    "pending": [],
    "skipped": [],
    "duration": 0,
    "root": true,
    "rootEmpty": true,
    "_timeout": 2000
  },
  "copyrightYear": 2019
}